Task Name: Mapping2_Mapping2
Agent Group Id: 025000000000002
Agent Group Name: Informatica Cloud Hosted Agent
Agent Id: 00800000000001D
06/01/2022 17:32:50 **** Importing Connection: Conn_011L5W0B000000000002 ...
06/01/2022 17:32:50 **** Importing Source Definition: Cars ...
06/01/2022 17:32:50 **** Importing Target Definition: Max_Car_Prices ...
06/01/2022 17:32:50 **** Importing Target Definition: Min_Car_Prices ...
06/01/2022 17:32:50 **** Importing SessionConfig: default_session_config ...
    <Warning> :  The Error Log DB Connection value should have Relational: as the prefix.
    <Warning> :  Invalid value  for attribute Error Log DB Connection. Will use the default value 
    Validating Source Definition  Cars...
    Validating Target Definition  Min_Car_Prices...
    Validating Target Definition  Max_Car_Prices...
06/01/2022 17:32:50 **** Importing Mapping: Mapping0 ...
    <Warning> :  transformation: Source - Invalid value  for attribute Output is repeatable. Will use the default value Never    [transformation< Source > ] 
Validating transformations of mapping Mapping0...
Validating mapping variable(s).
06/01/2022 17:32:50 **** Importing Workflow: wf_mtt_011L5W0Z000000000003 ...
    <Warning> :  Invalid value None for attribute Pushdown Optimization Context. Will use the default value None     [Session< s_mtt_011L5W0Z000000000003 > ] 
    <Warning> :  The value entered is not a valid integer.
    <Warning> :  Invalid value NO for attribute Fail task after wait time. Will use the default value 
Successfully extracted session instance [s_mtt_011L5W0Z000000000003].  Starting repository sequence id is [-221127273]
DIRECTOR> VAR_27085 [2022-06-01 17:32:50.396] Parameter file [/data2/home/cldagnt/SystemAgent/apps/Data_Integration_Server/data/011L5W0E0000000000B6/011L5W/parameters/s_mtt_011L5W0Z000000000003.param] is opened for [session [wf_mtt_011L5W0Z000000000003.s_mtt_011L5W0Z000000000003]].
DIRECTOR> VAR_27062 [2022-06-01 17:32:50.397] Warning! Cannot find section for worklet [wf_mtt_011L5W0Z000000000003] and folder [] in parameter file [/data2/home/cldagnt/SystemAgent/apps/Data_Integration_Server/data/011L5W0E0000000000B6/011L5W/parameters/s_mtt_011L5W0Z000000000003.param].
DIRECTOR> TM_6014 [2022-06-01 17:32:50.397] Initializing session [s_mtt_011L5W0Z000000000003] at [Wed Jun 01 17:32:50 2022].
DIRECTOR> TM_6683 [2022-06-01 17:32:50.397] Repository Name: [XMLRepository]
DIRECTOR> TM_6684 [2022-06-01 17:32:50.397] Server Name: [rDTM]
DIRECTOR> TM_6686 [2022-06-01 17:32:50.397] Folder: []
DIRECTOR> TM_6685 [2022-06-01 17:32:50.397] Workflow: [wf_mtt_011L5W0Z000000000003] Run Instance Name: [] Run Id: [0]
DIRECTOR> TM_6992 [2022-06-01 17:32:50.397] Opearting System Type [Linux]
DIRECTOR> TM_6101 [2022-06-01 17:32:50.397] Mapping name: Mapping0.
DIRECTOR> TM_6964 [2022-06-01 17:32:50.397] Date format for the Session is [MM/DD/YYYY HH24:MI:SS.US]
DIRECTOR> TM_6703 [2022-06-01 17:32:50.398] Session [s_mtt_011L5W0Z000000000003] is run by 64-bit Integration Service  [], version [10.2.0 HotFix2], build [0320].
MANAGER> PETL_24091 [2022-06-01 17:32:50.408] Thread [MANAGER] has the ID [1].
MANAGER> PETL_24058 [2022-06-01 17:32:50.408] Running Partition Group [1].
MANAGER> PETL_24000 [2022-06-01 17:32:50.408] Parallel Pipeline Engine initializing.
MONITOR> PETL_24091 [2022-06-01 17:32:50.409] Thread [MONITOR] has the ID [2].
MANAGER> PETL_24001 [2022-06-01 17:32:50.409] Parallel Pipeline Engine running.
MANAGER> PETL_24003 [2022-06-01 17:32:50.409] Initializing session run.
MAPPING> PETL_24091 [2022-06-01 17:32:50.409] Thread [MAPPING] has the ID [3].
MAPPING> CMN_1569 [2022-06-01 17:32:50.411] Server Mode: [UNICODE]
MAPPING> CMN_1570 [2022-06-01 17:32:50.411] Server Code page: [ISO 8859-1 Western European]
MAPPING> TM_6151 [2022-06-01 17:32:50.411] The session sort order is [Binary].
MAPPING> TM_6185 [2022-06-01 17:32:50.411] Warning. Code page validation is disabled in this session.
MAPPING> CMN_65109 [2022-06-01 17:32:50.411] Current Timezone:[UTC +0:0]
MAPPING> CMN_65111 [2022-06-01 17:32:50.411] Current Process ID:[22427]
MAPPING> TM_6155 [2022-06-01 17:32:50.411] Using HIGH precision processing.
MAPPING> TM_6180 [2022-06-01 17:32:50.411] Deadlock retry logic will not be implemented.
MAPPING> TM_6187 [2022-06-01 17:32:50.411] Session target-based commit interval is [10000].
MAPPING> TM_6307 [2022-06-01 17:32:50.411] DTM error log disabled. 
MAPPING> TE_7022 [2022-06-01 17:32:50.411] TShmWriter: Initialized
MAPPING> DBG_21694 [2022-06-01 17:32:50.413] Max_Aggregator Partition [0]: Index cache size = [1000000], Data cache size = [2000000]
MAPPING> TE_7212 [2022-06-01 17:32:50.413] Increasing [Index Cache] size for transformation [Max_Aggregator] from [1000000] to [10549248].
MAPPING> TE_7212 [2022-06-01 17:32:50.413] Increasing [Data Cache] size for transformation [Max_Aggregator] from [2000000] to [2097280].
MAPPING> TE_7029 [2022-06-01 17:32:50.413] Aggregate Information: Creating New Index and Data Files
MAPPING> TE_7034 [2022-06-01 17:32:50.413] Aggregate Information: Index file is [/data2/home/cldagnt/SystemAgent/apps/Data_Integration_Server/data/011L5W0E0000000000B6/011L5W/cache/PMAGG-221127233_5_0.idx]
MAPPING> TE_7035 [2022-06-01 17:32:50.413] Aggregate Information: Data file is [/data2/home/cldagnt/SystemAgent/apps/Data_Integration_Server/data/011L5W0E0000000000B6/011L5W/cache/PMAGG-221127233_5_0.dat]
MAPPING> DBG_21694 [2022-06-01 17:32:50.413] Min_Aggregator Partition [0]: Index cache size = [1000000], Data cache size = [2000000]
MAPPING> TE_7212 [2022-06-01 17:32:50.413] Increasing [Index Cache] size for transformation [Min_Aggregator] from [1000000] to [10549248].
MAPPING> TE_7212 [2022-06-01 17:32:50.413] Increasing [Data Cache] size for transformation [Min_Aggregator] from [2000000] to [2097280].
MAPPING> TE_7029 [2022-06-01 17:32:50.414] Aggregate Information: Creating New Index and Data Files
MAPPING> TE_7034 [2022-06-01 17:32:50.414] Aggregate Information: Index file is [/data2/home/cldagnt/SystemAgent/apps/Data_Integration_Server/data/011L5W0E0000000000B6/011L5W/cache/PMAGG-221127233_6_0.idx]
MAPPING> TE_7035 [2022-06-01 17:32:50.414] Aggregate Information: Data file is [/data2/home/cldagnt/SystemAgent/apps/Data_Integration_Server/data/011L5W0E0000000000B6/011L5W/cache/PMAGG-221127233_6_0.dat]
MAPPING> TM_6007 [2022-06-01 17:32:50.414] DTM initialized successfully for session [s_mtt_011L5W0Z000000000003]
DIRECTOR> PETL_24033 [2022-06-01 17:32:50.424] All DTM Connection Info: [<NONE>].
MANAGER> PETL_24004 [2022-06-01 17:32:50.424] Starting pre-session tasks. : (Wed Jun 01 17:32:50 2022)
PRE-SESS> PETL_24091 [2022-06-01 17:32:50.424] Thread [PRE-SESS] has the ID [4].
MANAGER> PETL_24027 [2022-06-01 17:32:50.425] Pre-session task completed successfully. : (Wed Jun 01 17:32:50 2022)
DIRECTOR> PETL_24006 [2022-06-01 17:32:50.425] Starting data movement.
MAPPING> TM_6660 [2022-06-01 17:32:50.428] Total Buffer Pool size is 15798240 bytes and Block size is 562080 bytes.
READER_1_1_1> PETL_24091 [2022-06-01 17:32:50.429] Thread [READER_1_1_1] has the ID [5].
READER_1_1_1> DBG_21438 [2022-06-01 17:32:50.429] Reader: Source is [odbc://dbtype=MySQL;host=remotemysql.com;port=3306;database=wOoJkjpNhU], Type [ODBC], User [wOoJkjpNhU]
READER_1_1_1> BLKR_16051 [2022-06-01 17:32:50.431] Source database connection [Conn_011L5W0B000000000002] code page: [UTF-8 encoding of Unicode]
READER_1_1_1> CMN_1021 [2022-06-01 17:32:50.431] Database driver event...
CMN_1021 [Driver Manager used is [UnixODBC 2.3.4].]

READER_1_1_1> CMN_1021 [2022-06-01 17:32:53.089] Database driver event...
CMN_1021 [ODBC Event Using array fetches.
ODBC Event Using Single Row Inserts. connect string = [Driver=MySQL ODBC 8.0 Unicode Driver;Server=remotemysql.com;Database=wOoJkjpNhU;Port=3306;USER=wOoJkjpNhU;NO_SSPS=1;stmt=set time_zone = '+00:00';Charset=UTF8;OPTION=3;SSLMODE=DISABLED]. userid = [wOoJkjpNhU]
ODBC Version:	03.52
.
DBMS Name:	MySQL
.
DBMS Version:	8.0.13-4
.
Driver Name:	libmyodbc8w.so
.
Driver Version:	08.00.0012
.
Driver ODBC Version:	03.80
.
MySQL rewrite batch optimization is disabled with maximum bind parameter size set to 2500.]

READER_1_1_1> BLKR_16003 [2022-06-01 17:32:53.089] Initialization completed successfully.
TRANSF_1_1_1> PETL_24091 [2022-06-01 17:32:53.089] Thread [TRANSF_1_1_1] has the ID [6].
WRITER_1_*_1> PETL_24091 [2022-06-01 17:32:53.090] Thread [WRITER_1_*_1] has the ID [7].
WRITER_1_*_1> WRT_8147 [2022-06-01 17:32:53.090] Writer: Target is Database [odbc://dbtype=MySQL;host=remotemysql.com;port=3306;database=wOoJkjpNhU], Type [ODBC], User [wOoJkjpNhU], Bulk Mode [OFF]
WRITER_1_*_1> CMN_1021 [2022-06-01 17:32:53.090] Database driver event...
CMN_1021 [Driver Manager used is [UnixODBC 2.3.4].]

WRITER_1_*_1> CMN_1021 [2022-06-01 17:32:55.612] Database driver event...
CMN_1021 [ODBC Event Using array fetches.
ODBC Event Using Single Row Inserts. connect string = [Driver=MySQL ODBC 8.0 Unicode Driver;Server=remotemysql.com;Database=wOoJkjpNhU;Port=3306;USER=wOoJkjpNhU;NO_SSPS=1;stmt=set time_zone = '+00:00';Charset=UTF8;OPTION=3;SSLMODE=DISABLED]. userid = [wOoJkjpNhU]
ODBC Version:	03.52
.
DBMS Name:	MySQL
.
DBMS Version:	8.0.13-4
.
Driver Name:	libmyodbc8w.so
.
Driver Version:	08.00.0012
.
Driver ODBC Version:	03.80
.
MySQL rewrite batch optimization is disabled with maximum bind parameter size set to 2500.]

WRITER_1_*_1> WRT_8221 [2022-06-01 17:32:56.171] Target database connection [Conn_011L5W0B000000000002] code page: [UTF-8 encoding of Unicode]
WRITER_1_*_1> WRT_8124 [2022-06-01 17:32:56.172] Target Table Max_Car_Prices :SQL INSERT statement:
INSERT INTO wOoJkjpNhU.Max_Car_Prices(Car_ID,Car_Name,Car_Price)  VALUES ( ?, ?, ?) 
WRITER_1_*_1> WRT_8020 [2022-06-01 17:32:56.172] No column marked as primary key for table [Max_Car_Prices]. UPDATEs Not Supported.
WRITER_1_*_1> WRT_8147 [2022-06-01 17:32:56.173] Writer: Target is Database [odbc://dbtype=MySQL;host=remotemysql.com;port=3306;database=wOoJkjpNhU], Type [ODBC], User [wOoJkjpNhU], Bulk Mode [OFF]
WRITER_1_*_1> WRT_8124 [2022-06-01 17:32:56.173] Target Table Min_Car_Prices :SQL INSERT statement:
INSERT INTO wOoJkjpNhU.Min_Car_Prices(Car_ID,Car_Name,Car_Price)  VALUES ( ?, ?, ?) 
WRITER_1_*_1> WRT_8020 [2022-06-01 17:32:56.173] No column marked as primary key for table [Min_Car_Prices]. UPDATEs Not Supported.
WRITER_1_*_1> WRT_8270 [2022-06-01 17:32:56.173] Target connection group #1 consists of target(s) [Max_Car_Prices, Min_Car_Prices]
WRITER_1_*_1> WRT_8003 [2022-06-01 17:32:56.173] Writer initialization complete.
WRITER_1_*_1> WRT_8005 [2022-06-01 17:32:56.173] Writer run started.
READER_1_1_1> BLKR_16007 [2022-06-01 17:32:56.173] Reader run started.
WRITER_1_*_1> WRT_8158 [2022-06-01 17:32:56.173] 

*****START LOAD SESSION*****

Load Start Time: Wed Jun 01 17:32:56 2022

Target tables:

     Max_Car_Prices
     Min_Car_Prices


READER_1_1_1> RR_4010 [2022-06-01 17:32:56.174] SQ instance [Source] SQL Query [SELECT wOoJkjpNhU.Cars.Car_ID, wOoJkjpNhU.Cars.Car_Name, wOoJkjpNhU.Cars.Car_Country, wOoJkjpNhU.Cars.Car_Price FROM wOoJkjpNhU.Cars]
READER_1_1_1> RR_4049 [2022-06-01 17:32:56.174] SQL Query issued to database : (Wed Jun 01 17:32:56 2022)
READER_1_1_1> RR_4050 [2022-06-01 17:32:56.460] First row returned from database to reader : (Wed Jun 01 17:32:56 2022)
READER_1_1_1> BLKR_16019 [2022-06-01 17:32:56.460] Read [100] rows, read [0] error rows for source table [Cars] instance name [Cars]
READER_1_1_1> BLKR_16008 [2022-06-01 17:32:56.460] Reader run completed.
TRANSF_1_1_1> TE_7032 [2022-06-01 17:32:56.468] The B-Tree being managed in files
/data2/home/cldagnt/SystemAgent/apps/Data_Integration_Server/data/011L5W0E0000000000B6/011L5W/cache/PMAGG-221127233_5_0.dat for Data and

/data2/home/cldagnt/SystemAgent/apps/Data_Integration_Server/data/011L5W0E0000000000B6/011L5W/cache/PMAGG-221127233_5_0.idx for Index has:
	Index Size:	1535
	Row Size:	632
	Order:		100
	Minimum Order:	50
	Height:		1
	Entries:	20
	IndexPageSize:	155136
	IndexPages:	68
	DataPageSize:	640
	DataPages:	3277

WRITER_1_*_1> WRT_8167 [2022-06-01 17:32:56.468] Start loading table [Max_Car_Prices] at: Wed Jun 01 17:32:56 2022
TRANSF_1_1_1> TE_7032 [2022-06-01 17:32:56.468] The B-Tree being managed in files
/data2/home/cldagnt/SystemAgent/apps/Data_Integration_Server/data/011L5W0E0000000000B6/011L5W/cache/PMAGG-221127233_6_0.dat for Data and

/data2/home/cldagnt/SystemAgent/apps/Data_Integration_Server/data/011L5W0E0000000000B6/011L5W/cache/PMAGG-221127233_6_0.idx for Index has:
	Index Size:	1535
	Row Size:	632
	Order:		100
	Minimum Order:	50
	Height:		1
	Entries:	20
	IndexPageSize:	155136
	IndexPages:	68
	DataPageSize:	640
	DataPages:	3277

TRANSF_1_1_1> DBG_21216 [2022-06-01 17:32:56.468] Finished transformations for Source Qualifier [Source]. Total errors [0] 
WRITER_1_*_1> WRT_8167 [2022-06-01 17:33:02.070] Start loading table [Min_Car_Prices] at: Wed Jun 01 17:33:02 2022
WRITER_1_*_1> WRT_8168 [2022-06-01 17:33:07.673] End loading table [Max_Car_Prices] at: Wed Jun 01 17:33:07 2022
WRITER_1_*_1> WRT_8141 [2022-06-01 17:33:07.959] 
Commit on end-of-data  Wed Jun 01 17:33:07 2022
===================================================

WRT_8036 Target: Max_Car_Prices (Instance Name: [Max_Car_Prices])
WRT_8038 Inserted rows - Requested: 20         Applied: 20         Rejected: 0          Affected: 20        

WRT_8036 Target: Min_Car_Prices (Instance Name: [Min_Car_Prices])
WRT_8038 Inserted rows - Requested: 20         Applied: 20         Rejected: 0          Affected: 20        

WRITER_1_*_1> WRT_8168 [2022-06-01 17:33:07.959] End loading table [Min_Car_Prices] at: Wed Jun 01 17:33:07 2022
WRITER_1_*_1> WRT_8035 [2022-06-01 17:33:07.959] Load complete time: Wed Jun 01 17:33:07 2022

LOAD SUMMARY
============

WRT_8036 Target: Max_Car_Prices (Instance Name: [Max_Car_Prices])
WRT_8038 Inserted rows - Requested: 20         Applied: 20         Rejected: 0          Affected: 20        

WRT_8036 Target: Min_Car_Prices (Instance Name: [Min_Car_Prices])
WRT_8038 Inserted rows - Requested: 20         Applied: 20         Rejected: 0          Affected: 20        


WRITER_1_*_1> WRT_8043 [2022-06-01 17:33:07.959] *****END LOAD SESSION*****
WRITER_1_*_1> WRT_8006 [2022-06-01 17:33:08.243] Writer run completed.
MANAGER> PETL_24031 [2022-06-01 17:33:08.244] 
***** RUN INFO FOR TGT LOAD ORDER GROUP [1], CONCURRENT SET [1] *****
Thread [READER_1_1_1] created for [the read stage] of partition point [Source] has completed.
	Total Run Time = [0.570257] secs
	Total Idle Time = [0.000000] secs
	Busy Percentage = [100.000000]
Thread [TRANSF_1_1_1] created for [the transformation stage] of partition point [Source] has completed. The total run time was insufficient for any meaningful statistics.
Thread [WRITER_1_*_1] created for [the write stage] of partition point [Max_Car_Prices, Min_Car_Prices] has completed.
	Total Run Time = [11.775683] secs
	Total Idle Time = [0.000000] secs
	Busy Percentage = [100.000000]

MAPPING> CMN_1791 [2022-06-01 17:33:08.244] The index cache size that would hold [20] aggregate groups of input rows for [Max_Aggregator], in memory, is [155136] bytes
MAPPING> CMN_1790 [2022-06-01 17:33:08.244] The data cache size that would hold [20] aggregate groups of input rows for [Max_Aggregator], in memory, is [12800] bytes
MAPPING> CMN_1791 [2022-06-01 17:33:08.244] The index cache size that would hold [20] aggregate groups of input rows for [Min_Aggregator], in memory, is [155136] bytes
MAPPING> CMN_1790 [2022-06-01 17:33:08.244] The data cache size that would hold [20] aggregate groups of input rows for [Min_Aggregator], in memory, is [12800] bytes
MANAGER> PETL_24005 [2022-06-01 17:33:08.245] Starting post-session tasks. : (Wed Jun 01 17:33:08 2022)
POST-SESS> PETL_24091 [2022-06-01 17:33:08.245] Thread [POST-SESS] has the ID [8].
MANAGER> PETL_24029 [2022-06-01 17:33:08.245] Post-session task completed successfully. : (Wed Jun 01 17:33:08 2022)
MAPPING> TM_6018 [2022-06-01 17:33:08.245] The session completed with [0] row transformation errors. 
MANAGER> TE_7216 [2022-06-01 17:33:08.246] Deleting cache files [/data2/home/cldagnt/SystemAgent/apps/Data_Integration_Server/data/011L5W0E0000000000B6/011L5W/cache/PMAGG-221127233_5_0.idx] for transformation [Max_Aggregator].
MANAGER> TE_7216 [2022-06-01 17:33:08.246] Deleting cache files [/data2/home/cldagnt/SystemAgent/apps/Data_Integration_Server/data/011L5W0E0000000000B6/011L5W/cache/PMAGG-221127233_5_0.dat] for transformation [Max_Aggregator].
MANAGER> TE_7216 [2022-06-01 17:33:08.246] Deleting cache files [/data2/home/cldagnt/SystemAgent/apps/Data_Integration_Server/data/011L5W0E0000000000B6/011L5W/cache/PMAGG-221127233_6_0.idx] for transformation [Min_Aggregator].
MANAGER> TE_7216 [2022-06-01 17:33:08.246] Deleting cache files [/data2/home/cldagnt/SystemAgent/apps/Data_Integration_Server/data/011L5W0E0000000000B6/011L5W/cache/PMAGG-221127233_6_0.dat] for transformation [Min_Aggregator].
MANAGER> PETL_24002 [2022-06-01 17:33:09.073] Parallel Pipeline Engine finished.
DIRECTOR> PETL_24012 [2022-06-01 17:33:09.073] Session run completed successfully.
DIRECTOR> TM_6022 [2022-06-01 17:33:09.073] 

SESSION LOAD SUMMARY
================================================

DIRECTOR> TM_6252 [2022-06-01 17:33:09.073] Source Load Summary.
DIRECTOR> CMN_1740 [2022-06-01 17:33:09.073] Table: [Source] (Instance Name: [Source] Instance UI Name: [Source])
	 Output Rows [100], Affected Rows [100], Applied Rows [100], Rejected Rows [0]
DIRECTOR> TM_6253 [2022-06-01 17:33:09.073] Target Load Summary.
DIRECTOR> CMN_1740 [2022-06-01 17:33:09.073] Table: [Max_Car_Prices] (Instance Name: [Max_Car_Prices] Instance UI Name: [Target_Max])
	 Output Rows [20], Affected Rows [20], Applied Rows [20], Rejected Rows [0]
DIRECTOR> CMN_1740 [2022-06-01 17:33:09.073] Table: [Min_Car_Prices] (Instance Name: [Min_Car_Prices] Instance UI Name: [Target_Min])
	 Output Rows [20], Affected Rows [20], Applied Rows [20], Rejected Rows [0]
DIRECTOR> TM_6023 [2022-06-01 17:33:09.073] 
===================================================

DIRECTOR> TM_6020 [2022-06-01 17:33:09.073] Session [s_mtt_011L5W0Z000000000003] completed at [Wed Jun 01 17:33:09 2022].
