Task Name: Mapping1_Mapping1
Agent Group Id: 025000000000002
Agent Group Name: Informatica Cloud Hosted Agent
Agent Id: 00800000000001D
05/31/2022 13:14:27 **** Importing Connection: Conn_011L5W0B000000000002 ...
05/31/2022 13:14:27 **** Importing Source Definition: Phones ...
05/31/2022 13:14:27 **** Importing Target Definition: Budget_Phones ...
05/31/2022 13:14:27 **** Importing Target Definition: Midrange_Phones ...
05/31/2022 13:14:27 **** Importing Target Definition: Luxury_Phones ...
05/31/2022 13:14:27 **** Importing SessionConfig: default_session_config ...
    <Warning> :  The Error Log DB Connection value should have Relational: as the prefix.
    <Warning> :  Invalid value  for attribute Error Log DB Connection. Will use the default value 
    Validating Source Definition  Phones...
    Validating Target Definition  Luxury_Phones...
    Validating Target Definition  Midrange_Phones...
    Validating Target Definition  Budget_Phones...
05/31/2022 13:14:27 **** Importing Mapping: Mapping0 ...
    <Warning> :  transformation: Source - Invalid value  for attribute Output is repeatable. Will use the default value Never    [transformation< Source > ] 
Validating transformations of mapping Mapping0...
Validating mapping variable(s).
05/31/2022 13:14:27 **** Importing Workflow: wf_mtt_011L5W0Z000000000002 ...
    <Warning> :  Invalid value None for attribute Pushdown Optimization Context. Will use the default value None     [Session< s_mtt_011L5W0Z000000000002 > ] 
    <Warning> :  The value entered is not a valid integer.
    <Warning> :  Invalid value NO for attribute Fail task after wait time. Will use the default value 
Successfully extracted session instance [s_mtt_011L5W0Z000000000002].  Starting repository sequence id is [-252047080]
DIRECTOR> VAR_27085 [2022-05-31 13:14:27.127] Parameter file [/data2/home/cldagnt/SystemAgent/apps/Data_Integration_Server/data/011L5W0E0000000000B5/011L5W/parameters/s_mtt_011L5W0Z000000000002.param] is opened for [session [wf_mtt_011L5W0Z000000000002.s_mtt_011L5W0Z000000000002]].
DIRECTOR> VAR_27062 [2022-05-31 13:14:27.128] Warning! Cannot find section for worklet [wf_mtt_011L5W0Z000000000002] and folder [] in parameter file [/data2/home/cldagnt/SystemAgent/apps/Data_Integration_Server/data/011L5W0E0000000000B5/011L5W/parameters/s_mtt_011L5W0Z000000000002.param].
DIRECTOR> TM_6014 [2022-05-31 13:14:27.128] Initializing session [s_mtt_011L5W0Z000000000002] at [Tue May 31 13:14:27 2022].
DIRECTOR> TM_6683 [2022-05-31 13:14:27.128] Repository Name: [XMLRepository]
DIRECTOR> TM_6684 [2022-05-31 13:14:27.128] Server Name: [rDTM]
DIRECTOR> TM_6686 [2022-05-31 13:14:27.128] Folder: []
DIRECTOR> TM_6685 [2022-05-31 13:14:27.128] Workflow: [wf_mtt_011L5W0Z000000000002] Run Instance Name: [] Run Id: [0]
DIRECTOR> TM_6992 [2022-05-31 13:14:27.128] Opearting System Type [Linux]
DIRECTOR> TM_6101 [2022-05-31 13:14:27.128] Mapping name: Mapping0.
DIRECTOR> TM_6964 [2022-05-31 13:14:27.128] Date format for the Session is [MM/DD/YYYY HH24:MI:SS.US]
DIRECTOR> TM_6703 [2022-05-31 13:14:27.129] Session [s_mtt_011L5W0Z000000000002] is run by 64-bit Integration Service  [], version [10.2.0 HotFix2], build [0320].
MANAGER> PETL_24091 [2022-05-31 13:14:27.139] Thread [MANAGER] has the ID [1].
MANAGER> PETL_24058 [2022-05-31 13:14:27.139] Running Partition Group [1].
MANAGER> PETL_24000 [2022-05-31 13:14:27.140] Parallel Pipeline Engine initializing.
MONITOR> PETL_24091 [2022-05-31 13:14:27.140] Thread [MONITOR] has the ID [2].
MANAGER> PETL_24001 [2022-05-31 13:14:27.140] Parallel Pipeline Engine running.
MANAGER> PETL_24003 [2022-05-31 13:14:27.140] Initializing session run.
MAPPING> PETL_24091 [2022-05-31 13:14:27.140] Thread [MAPPING] has the ID [3].
MAPPING> CMN_1569 [2022-05-31 13:14:27.142] Server Mode: [UNICODE]
MAPPING> CMN_1570 [2022-05-31 13:14:27.142] Server Code page: [ISO 8859-1 Western European]
MAPPING> TM_6151 [2022-05-31 13:14:27.142] The session sort order is [Binary].
MAPPING> TM_6185 [2022-05-31 13:14:27.142] Warning. Code page validation is disabled in this session.
MAPPING> CMN_65109 [2022-05-31 13:14:27.142] Current Timezone:[UTC +0:0]
MAPPING> CMN_65111 [2022-05-31 13:14:27.142] Current Process ID:[22814]
MAPPING> TM_6155 [2022-05-31 13:14:27.142] Using HIGH precision processing.
MAPPING> TM_6180 [2022-05-31 13:14:27.142] Deadlock retry logic will not be implemented.
MAPPING> TM_6187 [2022-05-31 13:14:27.142] Session target-based commit interval is [10000].
MAPPING> TM_6307 [2022-05-31 13:14:27.143] DTM error log disabled. 
MAPPING> TE_7022 [2022-05-31 13:14:27.143] TShmWriter: Initialized
MAPPING> TM_6007 [2022-05-31 13:14:27.145] DTM initialized successfully for session [s_mtt_011L5W0Z000000000002]
DIRECTOR> PETL_24033 [2022-05-31 13:14:27.155] All DTM Connection Info: [<NONE>].
MANAGER> PETL_24004 [2022-05-31 13:14:27.156] Starting pre-session tasks. : (Tue May 31 13:14:27 2022)
PRE-SESS> PETL_24091 [2022-05-31 13:14:27.156] Thread [PRE-SESS] has the ID [4].
MANAGER> PETL_24027 [2022-05-31 13:14:27.157] Pre-session task completed successfully. : (Tue May 31 13:14:27 2022)
DIRECTOR> PETL_24006 [2022-05-31 13:14:27.157] Starting data movement.
MAPPING> TM_6660 [2022-05-31 13:14:27.162] Total Buffer Pool size is 23810240 bytes and Block size is 624480 bytes.
READER_1_1_1> PETL_24091 [2022-05-31 13:14:27.163] Thread [READER_1_1_1] has the ID [5].
READER_1_1_1> DBG_21438 [2022-05-31 13:14:27.163] Reader: Source is [odbc://dbtype=MySQL;host=remotemysql.com;port=3306;database=wOoJkjpNhU], Type [ODBC], User [wOoJkjpNhU]
READER_1_1_1> BLKR_16051 [2022-05-31 13:14:27.165] Source database connection [Conn_011L5W0B000000000002] code page: [UTF-8 encoding of Unicode]
READER_1_1_1> CMN_1021 [2022-05-31 13:14:27.165] Database driver event...
CMN_1021 [Driver Manager used is [UnixODBC 2.3.4].]

READER_1_1_1> CMN_1021 [2022-05-31 13:14:29.673] Database driver event...
CMN_1021 [ODBC Event Using array fetches.
ODBC Event Using Single Row Inserts. connect string = [Driver=MySQL ODBC 8.0 Unicode Driver;Server=remotemysql.com;Database=wOoJkjpNhU;Port=3306;USER=wOoJkjpNhU;NO_SSPS=1;stmt=set time_zone = '+00:00';Charset=UTF8;OPTION=3;SSLMODE=DISABLED]. userid = [wOoJkjpNhU]
ODBC Version:	03.52
.
DBMS Name:	MySQL
.
DBMS Version:	8.0.13-4
.
Driver Name:	libmyodbc8w.so
.
Driver Version:	08.00.0012
.
Driver ODBC Version:	03.80
.
MySQL rewrite batch optimization is disabled with maximum bind parameter size set to 2500.]

READER_1_1_1> BLKR_16003 [2022-05-31 13:14:29.673] Initialization completed successfully.
TRANSF_1_1_1> PETL_24091 [2022-05-31 13:14:29.674] Thread [TRANSF_1_1_1] has the ID [6].
WRITER_1_*_1> PETL_24091 [2022-05-31 13:14:29.674] Thread [WRITER_1_*_1] has the ID [7].
WRITER_1_*_1> WRT_8147 [2022-05-31 13:14:29.675] Writer: Target is Database [odbc://dbtype=MySQL;host=remotemysql.com;port=3306;database=wOoJkjpNhU], Type [ODBC], User [wOoJkjpNhU], Bulk Mode [OFF]
WRITER_1_*_1> CMN_1021 [2022-05-31 13:14:29.675] Database driver event...
CMN_1021 [Driver Manager used is [UnixODBC 2.3.4].]

WRITER_1_*_1> CMN_1021 [2022-05-31 13:14:32.253] Database driver event...
CMN_1021 [ODBC Event Using array fetches.
ODBC Event Using Single Row Inserts. connect string = [Driver=MySQL ODBC 8.0 Unicode Driver;Server=remotemysql.com;Database=wOoJkjpNhU;Port=3306;USER=wOoJkjpNhU;NO_SSPS=1;stmt=set time_zone = '+00:00';Charset=UTF8;OPTION=3;SSLMODE=DISABLED]. userid = [wOoJkjpNhU]
ODBC Version:	03.52
.
DBMS Name:	MySQL
.
DBMS Version:	8.0.13-4
.
Driver Name:	libmyodbc8w.so
.
Driver Version:	08.00.0012
.
Driver ODBC Version:	03.80
.
MySQL rewrite batch optimization is disabled with maximum bind parameter size set to 2500.]

WRITER_1_*_1> WRT_8221 [2022-05-31 13:14:32.825] Target database connection [Conn_011L5W0B000000000002] code page: [UTF-8 encoding of Unicode]
WRITER_1_*_1> WRT_8124 [2022-05-31 13:14:32.826] Target Table Budget_Phones :SQL INSERT statement:
INSERT INTO wOoJkjpNhU.Budget_Phones(Prod_ID,Prod_Name,Prod_Desc,Prod_Price)  VALUES ( ?, ?, ?, ?) 
WRITER_1_*_1> WRT_8020 [2022-05-31 13:14:32.826] No column marked as primary key for table [Budget_Phones]. UPDATEs Not Supported.
WRITER_1_*_1> WRT_8147 [2022-05-31 13:14:32.826] Writer: Target is Database [odbc://dbtype=MySQL;host=remotemysql.com;port=3306;database=wOoJkjpNhU], Type [ODBC], User [wOoJkjpNhU], Bulk Mode [OFF]
WRITER_1_*_1> WRT_8124 [2022-05-31 13:14:32.827] Target Table Midrange_Phones :SQL INSERT statement:
INSERT INTO wOoJkjpNhU.Midrange_Phones(Prod_ID,Prod_Name,Prod_Desc,Prod_Price)  VALUES ( ?, ?, ?, ?) 
WRITER_1_*_1> WRT_8020 [2022-05-31 13:14:32.827] No column marked as primary key for table [Midrange_Phones]. UPDATEs Not Supported.
WRITER_1_*_1> WRT_8147 [2022-05-31 13:14:32.827] Writer: Target is Database [odbc://dbtype=MySQL;host=remotemysql.com;port=3306;database=wOoJkjpNhU], Type [ODBC], User [wOoJkjpNhU], Bulk Mode [OFF]
WRITER_1_*_1> WRT_8124 [2022-05-31 13:14:32.827] Target Table Luxury_Phones :SQL INSERT statement:
INSERT INTO wOoJkjpNhU.Luxury_Phones(Prod_ID,Prod_Name,Prod_Desc,Prod_Price)  VALUES ( ?, ?, ?, ?) 
WRITER_1_*_1> WRT_8020 [2022-05-31 13:14:32.827] No column marked as primary key for table [Luxury_Phones]. UPDATEs Not Supported.
WRITER_1_*_1> WRT_8270 [2022-05-31 13:14:32.827] Target connection group #1 consists of target(s) [Budget_Phones, Midrange_Phones, Luxury_Phones]
WRITER_1_*_1> WRT_8003 [2022-05-31 13:14:32.827] Writer initialization complete.
READER_1_1_1> BLKR_16007 [2022-05-31 13:14:32.828] Reader run started.
WRITER_1_*_1> WRT_8005 [2022-05-31 13:14:32.828] Writer run started.
WRITER_1_*_1> WRT_8158 [2022-05-31 13:14:32.828] 

*****START LOAD SESSION*****

Load Start Time: Tue May 31 13:14:32 2022

Target tables:

     Budget_Phones
     Midrange_Phones
     Luxury_Phones


READER_1_1_1> RR_4010 [2022-05-31 13:14:32.828] SQ instance [Source] SQL Query [SELECT wOoJkjpNhU.Phones.Prod_ID, wOoJkjpNhU.Phones.Prod_Name, wOoJkjpNhU.Phones.Prod_Desc, wOoJkjpNhU.Phones.Prod_Price FROM wOoJkjpNhU.Phones]
READER_1_1_1> RR_4049 [2022-05-31 13:14:32.828] SQL Query issued to database : (Tue May 31 13:14:32 2022)
READER_1_1_1> RR_4050 [2022-05-31 13:14:33.117] First row returned from database to reader : (Tue May 31 13:14:33 2022)
READER_1_1_1> BLKR_16019 [2022-05-31 13:14:33.117] Read [100] rows, read [0] error rows for source table [Phones] instance name [Phones]
READER_1_1_1> BLKR_16008 [2022-05-31 13:14:33.117] Reader run completed.
TRANSF_1_1_1> DBG_21216 [2022-05-31 13:14:33.117] Finished transformations for Source Qualifier [Source]. Total errors [0] 
WRITER_1_*_1> WRT_8167 [2022-05-31 13:14:33.117] Start loading table [Budget_Phones] at: Tue May 31 13:14:32 2022
WRITER_1_*_1> WRT_8167 [2022-05-31 13:14:35.749] Start loading table [Midrange_Phones] at: Tue May 31 13:14:35 2022
WRITER_1_*_1> WRT_8167 [2022-05-31 13:14:45.238] Start loading table [Luxury_Phones] at: Tue May 31 13:14:44 2022
WRITER_1_*_1> WRT_8168 [2022-05-31 13:15:02.543] End loading table [Budget_Phones] at: Tue May 31 13:15:01 2022
WRITER_1_*_1> WRT_8141 [2022-05-31 13:15:02.835] 
Commit on end-of-data  Tue May 31 13:15:02 2022
===================================================

WRT_8036 Target: Budget_Phones (Instance Name: [Budget_Phones])
WRT_8038 Inserted rows - Requested: 9          Applied: 9          Rejected: 0          Affected: 9         

WRT_8036 Target: Midrange_Phones (Instance Name: [Midrange_Phones])
WRT_8038 Inserted rows - Requested: 32         Applied: 32         Rejected: 0          Affected: 32        

WRT_8036 Target: Luxury_Phones (Instance Name: [Luxury_Phones])
WRT_8038 Inserted rows - Requested: 59         Applied: 59         Rejected: 0          Affected: 59        

WRITER_1_*_1> WRT_8168 [2022-05-31 13:15:02.835] End loading table [Midrange_Phones] at: Tue May 31 13:15:02 2022
WRITER_1_*_1> WRT_8168 [2022-05-31 13:15:02.835] End loading table [Luxury_Phones] at: Tue May 31 13:15:02 2022
WRITER_1_*_1> WRT_8035 [2022-05-31 13:15:02.835] Load complete time: Tue May 31 13:15:02 2022

LOAD SUMMARY
============

WRT_8036 Target: Budget_Phones (Instance Name: [Budget_Phones])
WRT_8038 Inserted rows - Requested: 9          Applied: 9          Rejected: 0          Affected: 9         

WRT_8036 Target: Midrange_Phones (Instance Name: [Midrange_Phones])
WRT_8038 Inserted rows - Requested: 32         Applied: 32         Rejected: 0          Affected: 32        

WRT_8036 Target: Luxury_Phones (Instance Name: [Luxury_Phones])
WRT_8038 Inserted rows - Requested: 59         Applied: 59         Rejected: 0          Affected: 59        


WRITER_1_*_1> WRT_8043 [2022-05-31 13:15:02.835] *****END LOAD SESSION*****
WRITER_1_*_1> WRT_8006 [2022-05-31 13:15:03.127] Writer run completed.
MANAGER> PETL_24031 [2022-05-31 13:15:03.127] 
***** RUN INFO FOR TGT LOAD ORDER GROUP [1], CONCURRENT SET [1] *****
Thread [READER_1_1_1] created for [the read stage] of partition point [Source] has completed.
	Total Run Time = [0.567006] secs
	Total Idle Time = [0.000000] secs
	Busy Percentage = [100.000000]
Thread [TRANSF_1_1_1] created for [the transformation stage] of partition point [Source] has completed. The total run time was insufficient for any meaningful statistics.
Thread [WRITER_1_*_1] created for [the write stage] of partition point [Budget_Phones, Midrange_Phones, Luxury_Phones] has completed.
	Total Run Time = [30.009990] secs
	Total Idle Time = [0.000000] secs
	Busy Percentage = [100.000000]

MANAGER> PETL_24005 [2022-05-31 13:15:03.128] Starting post-session tasks. : (Tue May 31 13:15:03 2022)
POST-SESS> PETL_24091 [2022-05-31 13:15:03.128] Thread [POST-SESS] has the ID [8].
MANAGER> PETL_24029 [2022-05-31 13:15:03.129] Post-session task completed successfully. : (Tue May 31 13:15:03 2022)
MAPPING> TM_6018 [2022-05-31 13:15:03.129] The session completed with [0] row transformation errors. 
MANAGER> PETL_24002 [2022-05-31 13:15:03.729] Parallel Pipeline Engine finished.
DIRECTOR> PETL_24012 [2022-05-31 13:15:03.729] Session run completed successfully.
DIRECTOR> TM_6022 [2022-05-31 13:15:03.729] 

SESSION LOAD SUMMARY
================================================

DIRECTOR> TM_6252 [2022-05-31 13:15:03.729] Source Load Summary.
DIRECTOR> CMN_1740 [2022-05-31 13:15:03.729] Table: [Source] (Instance Name: [Source] Instance UI Name: [Source])
	 Output Rows [100], Affected Rows [100], Applied Rows [100], Rejected Rows [0]
DIRECTOR> TM_6253 [2022-05-31 13:15:03.729] Target Load Summary.
DIRECTOR> CMN_1740 [2022-05-31 13:15:03.729] Table: [Budget_Phones] (Instance Name: [Budget_Phones] Instance UI Name: [Target])
	 Output Rows [9], Affected Rows [9], Applied Rows [9], Rejected Rows [0]
DIRECTOR> CMN_1740 [2022-05-31 13:15:03.729] Table: [Midrange_Phones] (Instance Name: [Midrange_Phones] Instance UI Name: [Target1])
	 Output Rows [32], Affected Rows [32], Applied Rows [32], Rejected Rows [0]
DIRECTOR> CMN_1740 [2022-05-31 13:15:03.729] Table: [Luxury_Phones] (Instance Name: [Luxury_Phones] Instance UI Name: [Target2])
	 Output Rows [59], Affected Rows [59], Applied Rows [59], Rejected Rows [0]
DIRECTOR> TM_6023 [2022-05-31 13:15:03.729] 
===================================================

DIRECTOR> TM_6020 [2022-05-31 13:15:03.729] Session [s_mtt_011L5W0Z000000000002] completed at [Tue May 31 13:15:03 2022].
